<?xml version="1.0" encoding="UTF-8"?>
<!-- Generated by org.testng.reporters.JUnitXMLReporter -->
<testsuite ignored="0" hostname="DESKTOP-K8DIB7L" failures="0" tests="4" name="Test" time="0.141" errors="0" timestamp="2024-03-12T10:38:03 IST">
  <testcase classname="scripts.aT2" name="a1" time="0.023"/>
  <testcase classname="scripts.aT2" name="b" time="0.002"/>
  <testcase classname="scripts.ATest" name="a" time="0.002"/>
  <testcase classname="scripts.ATest" name="a1" time="0.003"/>
</testsuite> <!-- Test -->
