<?xml version="1.0" encoding="UTF-8"?>
<testng-results ignored="0" total="4" passed="4" failed="0" skipped="0">
  <reporter-output>
  </reporter-output>
  <suite started-at="2024-03-12T10:38:03 IST" name="Suite" finished-at="2024-03-12T10:38:03 IST" duration-ms="141">
    <groups>
    </groups>
    <test started-at="2024-03-12T10:38:03 IST" name="Test" finished-at="2024-03-12T10:38:03 IST" duration-ms="141">
      <class name="scripts.aT2">
        <test-method signature="a1()[pri:0, instance:scripts.aT2@a1153bc]" started-at="2024-03-12T10:38:03 IST" name="a1" finished-at="2024-03-12T10:38:03 IST" duration-ms="23" status="PASS">
          <reporter-output>
          </reporter-output>
        </test-method> <!-- a1 -->
        <test-method signature="b()[pri:0, instance:scripts.aT2@a1153bc]" started-at="2024-03-12T10:38:03 IST" name="b" finished-at="2024-03-12T10:38:03 IST" duration-ms="2" status="PASS">
          <reporter-output>
          </reporter-output>
        </test-method> <!-- b -->
      </class> <!-- scripts.aT2 -->
      <class name="scripts.ATest">
        <test-method signature="a()[pri:0, instance:scripts.ATest@77888435]" started-at="2024-03-12T10:38:03 IST" name="a" finished-at="2024-03-12T10:38:03 IST" duration-ms="2" status="PASS">
          <reporter-output>
          </reporter-output>
        </test-method> <!-- a -->
        <test-method signature="a1()[pri:0, instance:scripts.ATest@77888435]" started-at="2024-03-12T10:38:03 IST" name="a1" finished-at="2024-03-12T10:38:03 IST" duration-ms="3" status="PASS">
          <reporter-output>
          </reporter-output>
        </test-method> <!-- a1 -->
      </class> <!-- scripts.ATest -->
    </test> <!-- Test -->
  </suite> <!-- Suite -->
</testng-results>
